                                                                                                                        
>>>>>>>>>>>>>>>>>>>>>>>>>>>>>>>>>>>>>>>>>>>>>>>>>>>>>>>>>>>>>>>>>>>>>>>>>>>>>>>>>>>>>>>>>>>>>>>>>>>>>>>>>>>>>>>>>>>>>>>>
2024-05-17 13:44:14,102 - INFO - START predicting_breast_cancer =============================================
2024-05-17 13:44:14,102 - INFO - START predicting_breast_cancer Start Time = 2024-05-17 13:44:14
2024-05-17 13:44:14,102 - INFO - predicting_breast_cancer Step 0 - Initialize the configuration file parser
2024-05-17 13:44:14,102 - INFO - Process predicting_breast_cancer Step 0 - Initializing and starting Logging Process.
2024-05-17 13:44:14,127 - INFO - Process predicting_breast_cancer Step 1  - Read in Sample Data Set .
2024-05-17 13:44:14,215 - INFO - Process predicting_breast_cancer Step 2.2  - Data Cleansing - Remove duplicates.
2024-05-17 13:44:14,458 - INFO - Process predicting_breast_cancer Step 5 - Plot all independent variables relationship to target variable
2024-05-17 13:44:16,337 - INFO - Process predicting_breast_cancer Step 7 - Drop the columns that dont help the analysis
2024-05-17 13:44:16,893 - INFO - Process predicting_breast_cancer Step 5 - Plot all independent variables relationship to target variable
2024-05-17 13:44:16,911 - INFO - Process predicting_breast_cancer Step 8 - Feature Engineering
2024-05-17 13:44:17,006 - INFO - Process predicting_breast_cancer Machine Learning Model  - Logistic Regression
2024-05-17 13:44:17,084 - INFO - Process predicting_breast_cancer Machine Learning Model  - Decision Tree
2024-05-17 13:44:17,131 - INFO - Process predicting_breast_cancer Machine Learning Model  - K Nearest Neighbor
2024-05-17 13:44:17,210 - INFO - Process predicting_breast_cancer Machine Learning Model  - Gaussian Naive Bayes
2024-05-17 13:44:17,260 - INFO - Process predicting_breast_cancer Machine Learning Model  - Multinomial Naive Bayes
2024-05-17 13:44:17,303 - INFO - Process predicting_breast_cancer Machine Learning Model  - Support Vector Classifier
2024-05-17 13:44:17,460 - INFO - Process predicting_breast_cancer Machine Learning Model  - Random Forest
2024-05-17 13:44:17,769 - INFO - Process predicting_breast_cancer Machine Learning Model  - Multi-layer Perceptron classifier
2024-05-17 13:44:17,863 - INFO - Process predicting_breast_cancer Machine Learning Model  - Gradient Boosting
2024-05-17 13:44:21,421 - INFO - Process predicting_breast_cancer  K-fold Cross Validation 
2024-05-17 13:44:24,925 - INFO - PERFORMANCE predicting_breast_cancer The total process duration was:10.82
2024-05-17 13:44:24,925 - INFO - PERFORMANCE predicting_breast_cancer Stop Time = 2024-05-17 13:44:24
2024-05-17 13:44:24,925 - INFO - PERFORMANCE predicting_breast_cancer Low process duration less than 3 minutes:10.82
2024-05-17 13:44:24,925 - INFO - PERFORMANCE predicting_breast_cancer Performance optimization is optional
2024-05-17 13:44:24,925 - INFO - END predicting_breast_cancer =============================================

<<<<<<<<<<<<<<<<<<<<<<<<<<<<<<<<<<<<<<<<<<<<<<<<<<<<<<<<<<<<<<<<<<<<<<<<<<<<<<<<<<<<<<<<<<<<<<<<<<<<<<<<<<<<<<<<<<<<<<<<
                                                                                                                        
